

*******************************************************************************
Tue Apr  3 13:09:56 2018


FIT:    data read from 'velprofile_reg1.68000' using 2:3
        format = x:z
        x range restricted to [1.00000 : 50.0000]
        #datapoints = 50
        residuals are weighted equally (unit weight)

function used for fitting: f(x)
	f(x) = a*x*x + b*x + c
fitted parameters initialized with current variable values

iter      chisq       delta/lim  lambda   a             b             c            
   0 6.9039262809e+07   0.00e+00  6.62e+02    1.000000e+00   1.000000e+00   1.000000e+00
   7 2.4833336226e-12  -4.86e-02  6.62e-05   -3.000896e-04   1.530457e-02  -7.577205e-03

After 7 iterations the fit converged.
final sum of squares of residuals : 2.48333e-12
rel. change during last iteration : -4.85605e-07

degrees of freedom    (FIT_NDF)                        : 47
rms of residuals      (FIT_STDFIT) = sqrt(WSSR/ndf)    : 2.29863e-07
variance of residuals (reduced chisquare) = WSSR/ndf   : 5.28369e-14

Final set of parameters            Asymptotic Standard Error
=======================            ==========================
a               = -0.00030009      +/- 1.746e-10    (5.819e-05%)
b               = 0.0153046        +/- 9.187e-09    (6.002e-05%)
c               = -0.00757721      +/- 1.016e-07    (0.00134%)

correlation matrix of the fit parameters:
                a      b      c      
a               1.000 
b              -0.969  1.000 
c               0.760 -0.876  1.000 


*******************************************************************************
Tue Apr  3 13:09:56 2018


FIT:    data read from 'velprofile_reg2.68000' using 2:3
        format = x:z
        x range restricted to [1.00000 : 50.0000]
        #datapoints = 50
        residuals are weighted equally (unit weight)

function used for fitting: f(x)
	f(x) = a*x*x + b*x + c
fitted parameters initialized with current variable values

iter      chisq       delta/lim  lambda   d             e             f            
   0 2.4833336226e-12   0.00e+00  0.00e+00    1.000000e+00   1.000000e+00   5.000000e-05
BREAK: Singular matrix in Givens()

*******************************************************************************
Tue Apr  3 13:11:27 2018


FIT:    data read from 'velprofile_reg1.68000' using 2:3
        format = x:z
        x range restricted to [1.00000 : 50.0000]
        #datapoints = 50
        residuals are weighted equally (unit weight)

function used for fitting: f(x)
	f(x) = a*x*x + b*x + c
fitted parameters initialized with current variable values

iter      chisq       delta/lim  lambda   a             b             c            
   0 6.9039262809e+07   0.00e+00  6.62e+02    1.000000e+00   1.000000e+00   1.000000e+00
   7 2.4833336226e-12  -4.86e-02  6.62e-05   -3.000896e-04   1.530457e-02  -7.577205e-03

After 7 iterations the fit converged.
final sum of squares of residuals : 2.48333e-12
rel. change during last iteration : -4.85605e-07

degrees of freedom    (FIT_NDF)                        : 47
rms of residuals      (FIT_STDFIT) = sqrt(WSSR/ndf)    : 2.29863e-07
variance of residuals (reduced chisquare) = WSSR/ndf   : 5.28369e-14

Final set of parameters            Asymptotic Standard Error
=======================            ==========================
a               = -0.00030009      +/- 1.746e-10    (5.819e-05%)
b               = 0.0153046        +/- 9.187e-09    (6.002e-05%)
c               = -0.00757721      +/- 1.016e-07    (0.00134%)

correlation matrix of the fit parameters:
                a      b      c      
a               1.000 
b              -0.969  1.000 
c               0.760 -0.876  1.000 


*******************************************************************************
Tue Apr  3 13:11:27 2018


FIT:    data read from 'velprofile_reg2.68000' using 2:3
        format = x:z
        x range restricted to [1.00000 : 50.0000]
        #datapoints = 50
        residuals are weighted equally (unit weight)

function used for fitting: f(x)
	f(x) = a*x*x + b*x + c
fitted parameters initialized with current variable values

iter      chisq       delta/lim  lambda   d             e             f            
   0 2.4833336226e-12   0.00e+00  0.00e+00    1.000000e+00   1.000000e+00   5.000000e-05
BREAK: Singular matrix in Givens()